<?xml version="1.0" encoding="UTF-8"?>
<testsuite xmlns:xsi="http://www.w3.org/2001/XMLSchema-instance" xsi:noNamespaceSchemaLocation="https://maven.apache.org/surefire/maven-surefire-plugin/xsd/surefire-test-report-3.0.xsd" version="3.0" name="TestDeepThought" time="8.061" tests="1" errors="0" skipped="0" failures="0">
  <properties>
[...]
</properties>
  <testcase name="testAnswerToAll" classname="TestDeepThought" time="8.053">
    <system-out><![CDATA[You have asked the answer to the Ultimate Question of Life, the Universe, and Everything
I need to think a while about that one, come back again in 7.5 million years...
0 Million years have passed...
1 Million years have passed...
2 Million years have passed...
3 Million years have passed...
4 Million years have passed...
5 Million years have passed...
6 Million years have passed...
7 Million years have passed...
7.5 million years have now passed and I have a answer
]]></system-out>
  </testcase>
</testsuite>